This is pdfTeX, Version 3.141592653-2.6-1.40.24 (TeX Live 2022) (preloaded format=pdflatex 2022.9.27)  7 NOV 2022 05:32
entering extended mode
 \write18 enabled.
 file:line:error style messages enabled.
 %&-line parsing enabled.
**"/Users/enricopiccin/Documents/Reti Logiche/Reti Logiche"
(/Users/enricopiccin/Documents/Reti Logiche/Reti Logiche.tex
LaTeX2e <2021-11-15> patch level 1
L3 programming layer <2022-02-24> (/usr/local/texlive/2022basic/texmf-dist/tex/latex/extsizes/extarticle.cls
Document Class: extarticle 1996/10/08 v1.0 Non Standard LaTeX document class
(/usr/local/texlive/2022basic/texmf-dist/tex/latex/base/size10.clo
File: size10.clo 2021/10/04 v1.4n Standard LaTeX file (size option)
) (/usr/local/texlive/2022basic/texmf-dist/tex/latex/base/exscale.sty
Package: exscale 2018/09/24 v2.1i Standard LaTeX package exscale
LaTeX Font Info:    Redeclaring symbol font `largesymbols' on input line 57.
LaTeX Font Info:    Overwriting symbol font `largesymbols' in version `normal'
(Font)                  OMX/cmex/m/n --> OMX/cmex/m/n on input line 57.
LaTeX Font Info:    Overwriting symbol font `largesymbols' in version `bold'
(Font)                  OMX/cmex/m/n --> OMX/cmex/m/n on input line 57.
\big@size=\dimen138
)
\c@part=\count185
\c@section=\count186
\c@subsection=\count187
\c@subsubsection=\count188
\c@paragraph=\count189
\c@subparagraph=\count190
\c@figure=\count191
\c@table=\count192
\abovecaptionskip=\skip47
\belowcaptionskip=\skip48
\bibindent=\dimen139
) (/usr/local/texlive/2022basic/texmf-dist/tex/latex/base/inputenc.sty
Package: inputenc 2021/02/14 v1.3d Input encoding file
\inpenc@prehook=\toks16
\inpenc@posthook=\toks17
) (/usr/local/texlive/2022basic/texmf-dist/tex/generic/babel/babel.sty
Package: babel 2022/02/26 3.73 The Babel package
\babel@savecnt=\count193
\U@D=\dimen140
\l@unhyphenated=\language23
 (/usr/local/texlive/2022basic/texmf-dist/tex/generic/babel/txtbabel.def)
\bbl@readstream=\read2
\bbl@dirlevel=\count194
 (/usr/local/texlive/2022basic/texmf-dist/tex/generic/babel-italian/italian.ldf
Language: italian 2020/05/21 v.1.4.04 Italian support for the babel system
\it@lettering=\count195
\it@doublequoteactive=\count196
\it@ISOcompliance=\count197
)) (/usr/local/texlive/2022basic/texmf-dist/tex/latex/etoolbox/etoolbox.sty
Package: etoolbox 2020/10/05 v2.5k e-TeX tools for LaTeX (JAW)
\etb@tempcnta=\count198
) (/usr/local/texlive/2022basic/texmf-dist/tex/latex/xcolor/xcolor.sty
Package: xcolor 2021/10/31 v2.13 LaTeX color extensions (UK)
 (/usr/local/texlive/2022basic/texmf-dist/tex/latex/graphics-cfg/color.cfg
File: color.cfg 2016/01/02 v1.6 sample color configuration
)
Package xcolor Info: Driver file: pdftex.def on input line 227.
 (/usr/local/texlive/2022basic/texmf-dist/tex/latex/graphics-def/pdftex.def
File: pdftex.def 2020/10/05 v1.2a Graphics/color driver for pdftex
) (/usr/local/texlive/2022basic/texmf-dist/tex/latex/colortbl/colortbl.sty
Package: colortbl 2020/01/04 v1.0e Color table columns (DPC)
 (/usr/local/texlive/2022basic/texmf-dist/tex/latex/tools/array.sty
Package: array 2021/10/04 v2.5f Tabular extension package (FMi)
\col@sep=\dimen141
\ar@mcellbox=\box50
\extrarowheight=\dimen142
\NC@list=\toks18
\extratabsurround=\skip49
\backup@length=\skip50
\ar@cellbox=\box51
)
\everycr=\toks19
\minrowclearance=\skip51
)
\rownum=\count199
Package xcolor Info: Model `cmy' substituted by `cmy0' on input line 1352.
Package xcolor Info: Model `hsb' substituted by `rgb' on input line 1356.
Package xcolor Info: Model `RGB' extended on input line 1368.
Package xcolor Info: Model `HTML' substituted by `rgb' on input line 1370.
Package xcolor Info: Model `Hsb' substituted by `hsb' on input line 1371.
Package xcolor Info: Model `tHsb' substituted by `hsb' on input line 1372.
Package xcolor Info: Model `HSB' substituted by `hsb' on input line 1373.
Package xcolor Info: Model `Gray' substituted by `gray' on input line 1374.
Package xcolor Info: Model `wave' substituted by `hsb' on input line 1375.
) (/usr/local/texlive/2022basic/texmf-dist/tex/latex/circuitikz/circuitikz.sty
Package: circuitikz 2022/09/09{} The CircuiTikz circuit drawing package version 1.5.4
 (/usr/local/texlive/2022basic/texmf-dist/tex/latex/pgf/frontendlayer/tikz.sty (/usr/local/texlive/2022basic/texmf-dist/tex/latex/pgf/basiclayer/pgf.sty (/usr/local/texlive/2022basic/texmf-dist/tex/latex/pgf/utilities/pgfrcs.sty (/usr/local/texlive/2022basic/texmf-dist/tex/generic/pgf/utilities/pgfutil-common.tex
\pgfutil@everybye=\toks20
\pgfutil@tempdima=\dimen143
\pgfutil@tempdimb=\dimen144
 (/usr/local/texlive/2022basic/texmf-dist/tex/generic/pgf/utilities/pgfutil-common-lists.tex)) (/usr/local/texlive/2022basic/texmf-dist/tex/generic/pgf/utilities/pgfutil-latex.def
\pgfutil@abb=\box52
) (/usr/local/texlive/2022basic/texmf-dist/tex/generic/pgf/utilities/pgfrcs.code.tex (/usr/local/texlive/2022basic/texmf-dist/tex/generic/pgf/pgf.revision.tex)
Package: pgfrcs 2021/05/15 v3.1.9a (3.1.9a)
))
Package: pgf 2021/05/15 v3.1.9a (3.1.9a)
 (/usr/local/texlive/2022basic/texmf-dist/tex/latex/pgf/basiclayer/pgfcore.sty (/usr/local/texlive/2022basic/texmf-dist/tex/latex/graphics/graphicx.sty
Package: graphicx 2021/09/16 v1.2d Enhanced LaTeX Graphics (DPC,SPQR)
 (/usr/local/texlive/2022basic/texmf-dist/tex/latex/graphics/keyval.sty
Package: keyval 2014/10/28 v1.15 key=value parser (DPC)
\KV@toks@=\toks21
) (/usr/local/texlive/2022basic/texmf-dist/tex/latex/graphics/graphics.sty
Package: graphics 2021/03/04 v1.4d Standard LaTeX Graphics (DPC,SPQR)
 (/usr/local/texlive/2022basic/texmf-dist/tex/latex/graphics/trig.sty
Package: trig 2021/08/11 v1.11 sin cos tan (DPC)
) (/usr/local/texlive/2022basic/texmf-dist/tex/latex/graphics-cfg/graphics.cfg
File: graphics.cfg 2016/06/04 v1.11 sample graphics configuration
)
Package graphics Info: Driver file: pdftex.def on input line 107.
)
\Gin@req@height=\dimen145
\Gin@req@width=\dimen146
) (/usr/local/texlive/2022basic/texmf-dist/tex/latex/pgf/systemlayer/pgfsys.sty (/usr/local/texlive/2022basic/texmf-dist/tex/generic/pgf/systemlayer/pgfsys.code.tex
Package: pgfsys 2021/05/15 v3.1.9a (3.1.9a)
 (/usr/local/texlive/2022basic/texmf-dist/tex/generic/pgf/utilities/pgfkeys.code.tex
\pgfkeys@pathtoks=\toks22
\pgfkeys@temptoks=\toks23
 (/usr/local/texlive/2022basic/texmf-dist/tex/generic/pgf/utilities/pgfkeysfiltered.code.tex
\pgfkeys@tmptoks=\toks24
))
\pgf@x=\dimen147
\pgf@y=\dimen148
\pgf@xa=\dimen149
\pgf@ya=\dimen150
\pgf@xb=\dimen151
\pgf@yb=\dimen152
\pgf@xc=\dimen153
\pgf@yc=\dimen154
\pgf@xd=\dimen155
\pgf@yd=\dimen156
\w@pgf@writea=\write3
\r@pgf@reada=\read3
\c@pgf@counta=\count266
\c@pgf@countb=\count267
\c@pgf@countc=\count268
\c@pgf@countd=\count269
\t@pgf@toka=\toks25
\t@pgf@tokb=\toks26
\t@pgf@tokc=\toks27
\pgf@sys@id@count=\count270
 (/usr/local/texlive/2022basic/texmf-dist/tex/generic/pgf/systemlayer/pgf.cfg
File: pgf.cfg 2021/05/15 v3.1.9a (3.1.9a)
)
Driver file for pgf: pgfsys-pdftex.def
 (/usr/local/texlive/2022basic/texmf-dist/tex/generic/pgf/systemlayer/pgfsys-pdftex.def
File: pgfsys-pdftex.def 2021/05/15 v3.1.9a (3.1.9a)
 (/usr/local/texlive/2022basic/texmf-dist/tex/generic/pgf/systemlayer/pgfsys-common-pdf.def
File: pgfsys-common-pdf.def 2021/05/15 v3.1.9a (3.1.9a)
))) (/usr/local/texlive/2022basic/texmf-dist/tex/generic/pgf/systemlayer/pgfsyssoftpath.code.tex
File: pgfsyssoftpath.code.tex 2021/05/15 v3.1.9a (3.1.9a)
\pgfsyssoftpath@smallbuffer@items=\count271
\pgfsyssoftpath@bigbuffer@items=\count272
) (/usr/local/texlive/2022basic/texmf-dist/tex/generic/pgf/systemlayer/pgfsysprotocol.code.tex
File: pgfsysprotocol.code.tex 2021/05/15 v3.1.9a (3.1.9a)
)) (/usr/local/texlive/2022basic/texmf-dist/tex/generic/pgf/basiclayer/pgfcore.code.tex
Package: pgfcore 2021/05/15 v3.1.9a (3.1.9a)
 (/usr/local/texlive/2022basic/texmf-dist/tex/generic/pgf/math/pgfmath.code.tex (/usr/local/texlive/2022basic/texmf-dist/tex/generic/pgf/math/pgfmathcalc.code.tex (/usr/local/texlive/2022basic/texmf-dist/tex/generic/pgf/math/pgfmathutil.code.tex) (/usr/local/texlive/2022basic/texmf-dist/tex/generic/pgf/math/pgfmathparser.code.tex
\pgfmath@dimen=\dimen157
\pgfmath@count=\count273
\pgfmath@box=\box53
\pgfmath@toks=\toks28
\pgfmath@stack@operand=\toks29
\pgfmath@stack@operation=\toks30
) (/usr/local/texlive/2022basic/texmf-dist/tex/generic/pgf/math/pgfmathfunctions.code.tex (/usr/local/texlive/2022basic/texmf-dist/tex/generic/pgf/math/pgfmathfunctions.basic.code.tex) (/usr/local/texlive/2022basic/texmf-dist/tex/generic/pgf/math/pgfmathfunctions.trigonometric.code.tex) (/usr/local/texlive/2022basic/texmf-dist/tex/generic/pgf/math/pgfmathfunctions.random.code.tex) (/usr/local/texlive/2022basic/texmf-dist/tex/generic/pgf/math/pgfmathfunctions.comparison.code.tex) (/usr/local/texlive/2022basic/texmf-dist/tex/generic/pgf/math/pgfmathfunctions.base.code.tex) (/usr/local/texlive/2022basic/texmf-dist/tex/generic/pgf/math/pgfmathfunctions.round.code.tex) (/usr/local/texlive/2022basic/texmf-dist/tex/generic/pgf/math/pgfmathfunctions.misc.code.tex) (/usr/local/texlive/2022basic/texmf-dist/tex/generic/pgf/math/pgfmathfunctions.integerarithmetics.code.tex))) (/usr/local/texlive/2022basic/texmf-dist/tex/generic/pgf/math/pgfmathfloat.code.tex
\c@pgfmathroundto@lastzeros=\count274
)) (/usr/local/texlive/2022basic/texmf-dist/tex/generic/pgf/math/pgfint.code.tex) (/usr/local/texlive/2022basic/texmf-dist/tex/generic/pgf/basiclayer/pgfcorepoints.code.tex
File: pgfcorepoints.code.tex 2021/05/15 v3.1.9a (3.1.9a)
\pgf@picminx=\dimen158
\pgf@picmaxx=\dimen159
\pgf@picminy=\dimen160
\pgf@picmaxy=\dimen161
\pgf@pathminx=\dimen162
\pgf@pathmaxx=\dimen163
\pgf@pathminy=\dimen164
\pgf@pathmaxy=\dimen165
\pgf@xx=\dimen166
\pgf@xy=\dimen167
\pgf@yx=\dimen168
\pgf@yy=\dimen169
\pgf@zx=\dimen170
\pgf@zy=\dimen171
) (/usr/local/texlive/2022basic/texmf-dist/tex/generic/pgf/basiclayer/pgfcorepathconstruct.code.tex
File: pgfcorepathconstruct.code.tex 2021/05/15 v3.1.9a (3.1.9a)
\pgf@path@lastx=\dimen172
\pgf@path@lasty=\dimen173
) (/usr/local/texlive/2022basic/texmf-dist/tex/generic/pgf/basiclayer/pgfcorepathusage.code.tex
File: pgfcorepathusage.code.tex 2021/05/15 v3.1.9a (3.1.9a)
\pgf@shorten@end@additional=\dimen174
\pgf@shorten@start@additional=\dimen175
) (/usr/local/texlive/2022basic/texmf-dist/tex/generic/pgf/basiclayer/pgfcorescopes.code.tex
File: pgfcorescopes.code.tex 2021/05/15 v3.1.9a (3.1.9a)
\pgfpic=\box54
\pgf@hbox=\box55
\pgf@layerbox@main=\box56
\pgf@picture@serial@count=\count275
) (/usr/local/texlive/2022basic/texmf-dist/tex/generic/pgf/basiclayer/pgfcoregraphicstate.code.tex
File: pgfcoregraphicstate.code.tex 2021/05/15 v3.1.9a (3.1.9a)
\pgflinewidth=\dimen176
) (/usr/local/texlive/2022basic/texmf-dist/tex/generic/pgf/basiclayer/pgfcoretransformations.code.tex
File: pgfcoretransformations.code.tex 2021/05/15 v3.1.9a (3.1.9a)
\pgf@pt@x=\dimen177
\pgf@pt@y=\dimen178
\pgf@pt@temp=\dimen179
) (/usr/local/texlive/2022basic/texmf-dist/tex/generic/pgf/basiclayer/pgfcorequick.code.tex
File: pgfcorequick.code.tex 2021/05/15 v3.1.9a (3.1.9a)
) (/usr/local/texlive/2022basic/texmf-dist/tex/generic/pgf/basiclayer/pgfcoreobjects.code.tex
File: pgfcoreobjects.code.tex 2021/05/15 v3.1.9a (3.1.9a)
) (/usr/local/texlive/2022basic/texmf-dist/tex/generic/pgf/basiclayer/pgfcorepathprocessing.code.tex
File: pgfcorepathprocessing.code.tex 2021/05/15 v3.1.9a (3.1.9a)
) (/usr/local/texlive/2022basic/texmf-dist/tex/generic/pgf/basiclayer/pgfcorearrows.code.tex
File: pgfcorearrows.code.tex 2021/05/15 v3.1.9a (3.1.9a)
\pgfarrowsep=\dimen180
) (/usr/local/texlive/2022basic/texmf-dist/tex/generic/pgf/basiclayer/pgfcoreshade.code.tex
File: pgfcoreshade.code.tex 2021/05/15 v3.1.9a (3.1.9a)
\pgf@max=\dimen181
\pgf@sys@shading@range@num=\count276
\pgf@shadingcount=\count277
) (/usr/local/texlive/2022basic/texmf-dist/tex/generic/pgf/basiclayer/pgfcoreimage.code.tex
File: pgfcoreimage.code.tex 2021/05/15 v3.1.9a (3.1.9a)
 (/usr/local/texlive/2022basic/texmf-dist/tex/generic/pgf/basiclayer/pgfcoreexternal.code.tex
File: pgfcoreexternal.code.tex 2021/05/15 v3.1.9a (3.1.9a)
\pgfexternal@startupbox=\box57
)) (/usr/local/texlive/2022basic/texmf-dist/tex/generic/pgf/basiclayer/pgfcorelayers.code.tex
File: pgfcorelayers.code.tex 2021/05/15 v3.1.9a (3.1.9a)
) (/usr/local/texlive/2022basic/texmf-dist/tex/generic/pgf/basiclayer/pgfcoretransparency.code.tex
File: pgfcoretransparency.code.tex 2021/05/15 v3.1.9a (3.1.9a)
) (/usr/local/texlive/2022basic/texmf-dist/tex/generic/pgf/basiclayer/pgfcorepatterns.code.tex
File: pgfcorepatterns.code.tex 2021/05/15 v3.1.9a (3.1.9a)
) (/usr/local/texlive/2022basic/texmf-dist/tex/generic/pgf/basiclayer/pgfcorerdf.code.tex
File: pgfcorerdf.code.tex 2021/05/15 v3.1.9a (3.1.9a)
))) (/usr/local/texlive/2022basic/texmf-dist/tex/generic/pgf/modules/pgfmoduleshapes.code.tex
File: pgfmoduleshapes.code.tex 2021/05/15 v3.1.9a (3.1.9a)
\pgfnodeparttextbox=\box58
) (/usr/local/texlive/2022basic/texmf-dist/tex/generic/pgf/modules/pgfmoduleplot.code.tex
File: pgfmoduleplot.code.tex 2021/05/15 v3.1.9a (3.1.9a)
) (/usr/local/texlive/2022basic/texmf-dist/tex/latex/pgf/compatibility/pgfcomp-version-0-65.sty
Package: pgfcomp-version-0-65 2021/05/15 v3.1.9a (3.1.9a)
\pgf@nodesepstart=\dimen182
\pgf@nodesepend=\dimen183
) (/usr/local/texlive/2022basic/texmf-dist/tex/latex/pgf/compatibility/pgfcomp-version-1-18.sty
Package: pgfcomp-version-1-18 2021/05/15 v3.1.9a (3.1.9a)
)) (/usr/local/texlive/2022basic/texmf-dist/tex/latex/pgf/utilities/pgffor.sty (/usr/local/texlive/2022basic/texmf-dist/tex/latex/pgf/utilities/pgfkeys.sty (/usr/local/texlive/2022basic/texmf-dist/tex/generic/pgf/utilities/pgfkeys.code.tex)) (/usr/local/texlive/2022basic/texmf-dist/tex/latex/pgf/math/pgfmath.sty (/usr/local/texlive/2022basic/texmf-dist/tex/generic/pgf/math/pgfmath.code.tex)) (/usr/local/texlive/2022basic/texmf-dist/tex/generic/pgf/utilities/pgffor.code.tex
Package: pgffor 2021/05/15 v3.1.9a (3.1.9a)
 (/usr/local/texlive/2022basic/texmf-dist/tex/generic/pgf/math/pgfmath.code.tex)
\pgffor@iter=\dimen184
\pgffor@skip=\dimen185
\pgffor@stack=\toks31
\pgffor@toks=\toks32
)) (/usr/local/texlive/2022basic/texmf-dist/tex/generic/pgf/frontendlayer/tikz/tikz.code.tex
Package: tikz 2021/05/15 v3.1.9a (3.1.9a)
 (/usr/local/texlive/2022basic/texmf-dist/tex/generic/pgf/libraries/pgflibraryplothandlers.code.tex
File: pgflibraryplothandlers.code.tex 2021/05/15 v3.1.9a (3.1.9a)
\pgf@plot@mark@count=\count278
\pgfplotmarksize=\dimen186
)
\tikz@lastx=\dimen187
\tikz@lasty=\dimen188
\tikz@lastxsaved=\dimen189
\tikz@lastysaved=\dimen190
\tikz@lastmovetox=\dimen191
\tikz@lastmovetoy=\dimen192
\tikzleveldistance=\dimen193
\tikzsiblingdistance=\dimen194
\tikz@figbox=\box59
\tikz@figbox@bg=\box60
\tikz@tempbox=\box61
\tikz@tempbox@bg=\box62
\tikztreelevel=\count279
\tikznumberofchildren=\count280
\tikznumberofcurrentchild=\count281
\tikz@fig@count=\count282
 (/usr/local/texlive/2022basic/texmf-dist/tex/generic/pgf/modules/pgfmodulematrix.code.tex
File: pgfmodulematrix.code.tex 2021/05/15 v3.1.9a (3.1.9a)
\pgfmatrixcurrentrow=\count283
\pgfmatrixcurrentcolumn=\count284
\pgf@matrix@numberofcolumns=\count285
)
\tikz@expandcount=\count286
 (/usr/local/texlive/2022basic/texmf-dist/tex/generic/pgf/frontendlayer/tikz/libraries/tikzlibrarytopaths.code.tex
File: tikzlibrarytopaths.code.tex 2021/05/15 v3.1.9a (3.1.9a)
))) (/usr/local/texlive/2022basic/texmf-dist/tex/generic/pgf/frontendlayer/tikz/libraries/tikzlibrarycalc.code.tex
File: tikzlibrarycalc.code.tex 2021/05/15 v3.1.9a (3.1.9a)
) (/usr/local/texlive/2022basic/texmf-dist/tex/generic/pgf/libraries/pgflibraryarrows.meta.code.tex
File: pgflibraryarrows.meta.code.tex 2021/05/15 v3.1.9a (3.1.9a)
\pgfarrowinset=\dimen195
\pgfarrowlength=\dimen196
\pgfarrowwidth=\dimen197
\pgfarrowlinewidth=\dimen198
) (/usr/local/texlive/2022basic/texmf-dist/tex/generic/pgf/frontendlayer/tikz/libraries/tikzlibrarybending.code.tex
File: tikzlibrarybending.code.tex 2021/05/15 v3.1.9a (3.1.9a)
 (/usr/local/texlive/2022basic/texmf-dist/tex/generic/pgf/modules/pgfmodulebending.code.tex
File: pgfmodulebending.code.tex 2021/05/15 v3.1.9a (3.1.9a)
 (/usr/local/texlive/2022basic/texmf-dist/tex/generic/pgf/modules/pgfmodulenonlineartransformations.code.tex
File: pgfmodulenonlineartransformations.code.tex 2021/05/15 v3.1.9a (3.1.9a)
\pgftransformnonlinearflatness=\dimen199
) (/usr/local/texlive/2022basic/texmf-dist/tex/generic/pgf/libraries/pgflibrarycurvilinear.code.tex
File: pgflibrarycurvilinear.code.tex 2021/05/15 v3.1.9a (3.1.9a)
\pgf@curvilinear@time@a=\dimen256
\pgf@curvilinear@length@a=\dimen257
\pgf@curvilinear@length@b=\dimen258
\pgf@curvilinear@length@c=\dimen259
\pgf@curvilinear@length@d=\dimen260
)
\pgf@arrows@the@rigidity=\dimen261
)) (/usr/local/texlive/2022basic/texmf-dist/tex/generic/pgf/frontendlayer/tikz/libraries/tikzlibraryfpu.code.tex (/usr/local/texlive/2022basic/texmf-dist/tex/generic/pgf/libraries/pgflibraryfpu.code.tex)) (/usr/local/texlive/2022basic/texmf-dist/tex/generic/circuitikz/pgfcirc.defines.tex
\pgf@circ@count@a=\count287
\pgf@circ@count@b=\count288
\pgf@circ@count@c=\count289
\pgf@circ@res@up=\dimen262
\pgf@circ@res@down=\dimen263
\pgf@circ@res@zero=\dimen264
\pgf@circ@res@left=\dimen265
\pgf@circ@res@right=\dimen266
\pgf@circ@res@other=\dimen267
\pgf@circ@res@step=\dimen268
\pgf@circ@res@temp=\dimen269
\pgf@circ@Rlen=\dimen270
\pgf@circ@scaled@Rlen=\dimen271
\pgfstartlinewidth=\dimen272
) (/usr/local/texlive/2022basic/texmf-dist/tex/generic/circuitikz/pgfcircutils.tex
\ctikz@scratchbox=\box63
) (/usr/local/texlive/2022basic/texmf-dist/tex/generic/circuitikz/pgfcircpath.tex) (/usr/local/texlive/2022basic/texmf-dist/tex/generic/circuitikz/pgfcircshapes.tex) (/usr/local/texlive/2022basic/texmf-dist/tex/generic/circuitikz/pgfcircmonopoles.tex) (/usr/local/texlive/2022basic/texmf-dist/tex/generic/circuitikz/pgfcircbipoles.tex) (/usr/local/texlive/2022basic/texmf-dist/tex/generic/circuitikz/pgfcirctripoles.tex
\pgf@circ@res@count=\count290
) (/usr/local/texlive/2022basic/texmf-dist/tex/generic/circuitikz/pgfcircquadpoles.tex) (/usr/local/texlive/2022basic/texmf-dist/tex/generic/circuitikz/pgfcircmultipoles.tex) (/usr/local/texlive/2022basic/texmf-dist/tex/generic/circuitikz/pgfcirclabel.tex) (/usr/local/texlive/2022basic/texmf-dist/tex/generic/circuitikz/pgfcircvoltage.tex
\pgfcirc@labelshift=\dimen273
) (/usr/local/texlive/2022basic/texmf-dist/tex/generic/circuitikz/pgfcirccurrent.tex) (/usr/local/texlive/2022basic/texmf-dist/tex/generic/circuitikz/pgfcircflow.tex)) (/usr/local/texlive/2022basic/texmf-dist/tex/generic/pgf/frontendlayer/tikz/libraries/tikzlibrarypositioning.code.tex
File: tikzlibrarypositioning.code.tex 2021/05/15 v3.1.9a (3.1.9a)
) (/usr/local/texlive/2022basic/texmf-dist/tex/generic/pgf/frontendlayer/tikz/libraries/circuits/tikzlibrarycircuits.logic.US.code.tex (/usr/local/texlive/2022basic/texmf-dist/tex/generic/pgf/frontendlayer/tikz/libraries/circuits/tikzlibrarycircuits.logic.code.tex (/usr/local/texlive/2022basic/texmf-dist/tex/generic/pgf/frontendlayer/tikz/libraries/circuits/tikzlibrarycircuits.code.tex (/usr/local/texlive/2022basic/texmf-dist/tex/generic/pgf/frontendlayer/tikz/libraries/tikzlibrarydecorations.markings.code.tex (/usr/local/texlive/2022basic/texmf-dist/tex/generic/pgf/frontendlayer/tikz/libraries/tikzlibrarydecorations.code.tex (/usr/local/texlive/2022basic/texmf-dist/tex/generic/pgf/modules/pgfmoduledecorations.code.tex
\pgfdecoratedcompleteddistance=\dimen274
\pgfdecoratedremainingdistance=\dimen275
\pgfdecoratedinputsegmentcompleteddistance=\dimen276
\pgfdecoratedinputsegmentremainingdistance=\dimen277
\pgf@decorate@distancetomove=\dimen278
\pgf@decorate@repeatstate=\count291
\pgfdecorationsegmentamplitude=\dimen279
\pgfdecorationsegmentlength=\dimen280
)
\tikz@lib@dec@box=\box64
)
(/usr/local/texlive/2022basic/texmf-dist/tex/generic/pgf/libraries/decorations/pgflibrarydecorations.markings.code.tex))
\tikz@lib@circ@count=\count292
\tikzcircuitssizeunit=\dimen281
)) (/usr/local/texlive/2022basic/texmf-dist/tex/generic/pgf/libraries/shapes/circuits/pgflibraryshapes.gates.logic.US.code.tex (/usr/local/texlive/2022basic/texmf-dist/tex/generic/pgf/libraries/shapes/circuits/pgflibraryshapes.gates.logic.code.tex))) (/usr/local/texlive/2022basic/texmf-dist/tex/generic/pgf/frontendlayer/tikz/libraries/tikzlibraryshapes.geometric.code.tex
File: tikzlibraryshapes.geometric.code.tex 2021/05/15 v3.1.9a (3.1.9a)
 (/usr/local/texlive/2022basic/texmf-dist/tex/generic/pgf/libraries/shapes/pgflibraryshapes.geometric.code.tex
File: pgflibraryshapes.geometric.code.tex 2021/05/15 v3.1.9a (3.1.9a)
)) (/usr/local/texlive/2022basic/texmf-dist/tex/generic/pgf/frontendlayer/tikz/libraries/tikzlibraryarrows.code.tex
File: tikzlibraryarrows.code.tex 2021/05/15 v3.1.9a (3.1.9a)
 (/usr/local/texlive/2022basic/texmf-dist/tex/generic/pgf/libraries/pgflibraryarrows.code.tex
File: pgflibraryarrows.code.tex 2021/05/15 v3.1.9a (3.1.9a)
\arrowsize=\dimen282
)) (/usr/local/texlive/2022basic/texmf-dist/tex/generic/pgf/frontendlayer/tikz/libraries/tikzlibraryshapes.gates.logic.US.code.tex
File: tikzlibraryshapes.gates.logic.US.code.tex 2021/05/15 v3.1.9a (3.1.9a)
) (/usr/local/texlive/2022basic/texmf-dist/tex/generic/pgf/frontendlayer/tikz/libraries/tikzlibraryshapes.gates.logic.IEC.code.tex
File: tikzlibraryshapes.gates.logic.IEC.code.tex 2021/05/15 v3.1.9a (3.1.9a)
 (/usr/local/texlive/2022basic/texmf-dist/tex/generic/pgf/libraries/shapes/circuits/pgflibraryshapes.gates.logic.IEC.code.tex)) (/usr/local/texlive/2022basic/texmf-dist/tex/generic/pgf/frontendlayer/tikz/libraries/tikzlibrarymatrix.code.tex
File: tikzlibrarymatrix.code.tex 2021/05/15 v3.1.9a (3.1.9a)
) (/usr/local/texlive/2022basic/texmf-dist/tex/latex/multirow/multirow.sty
Package: multirow 2021/03/15 v2.8 Span multiple rows of a table
\multirow@colwidth=\skip52
\multirow@cntb=\count293
\multirow@dima=\skip53
\bigstrutjot=\dimen283
) (/usr/local/texlive/2022basic/texmf-dist/tex/latex/float/float.sty
Package: float 2001/11/08 v1.3d Float enhancements (AL)
\c@float@type=\count294
\float@exts=\toks33
\float@box=\box65
\@float@everytoks=\toks34
\@floatcapt=\box66
) (/usr/local/texlive/2022basic/texmf-dist/tex/latex/geometry/geometry.sty
Package: geometry 2020/01/02 v5.9 Page Geometry
 (/usr/local/texlive/2022basic/texmf-dist/tex/generic/iftex/ifvtex.sty
Package: ifvtex 2019/10/25 v1.7 ifvtex legacy package. Use iftex instead.
 (/usr/local/texlive/2022basic/texmf-dist/tex/generic/iftex/iftex.sty
Package: iftex 2022/02/03 v1.0f TeX engine tests
))
\Gm@cnth=\count295
\Gm@cntv=\count296
\c@Gm@tempcnt=\count297
\Gm@bindingoffset=\dimen284
\Gm@wd@mp=\dimen285
\Gm@odd@mp=\dimen286
\Gm@even@mp=\dimen287
\Gm@layoutwidth=\dimen288
\Gm@layoutheight=\dimen289
\Gm@layouthoffset=\dimen290
\Gm@layoutvoffset=\dimen291
\Gm@dimlist=\toks35
) (/usr/local/texlive/2022basic/texmf-dist/tex/latex/tools/tabularx.sty
Package: tabularx 2020/01/15 v2.11c `tabularx' package (DPC)
\TX@col@width=\dimen292
\TX@old@table=\dimen293
\TX@old@col=\dimen294
\TX@target=\dimen295
\TX@delta=\dimen296
\TX@cols=\count298
\TX@ftn=\toks36
) (/usr/local/texlive/2022basic/texmf-dist/tex/latex/pgf-pie/pgf-pie.sty
Package: pgf-pie 2022/06/14 v0.7 Some LaTeX macros for pie chart by using PGF/Tikz package.
 (/usr/local/texlive/2022basic/texmf-dist/tex/latex/pgf-pie/tikzlibrarypie.code.tex (/usr/local/texlive/2022basic/texmf-dist/tex/latex/carlisle/scalefnt.sty)
\pgfpie@angleEnd=\dimen297
\pgfpie@explodeLength=\count299
\pgfpie@colorLength=\count300
\pgfpie@sliceLength=\count301
)) (/usr/local/texlive/2022basic/texmf-dist/tex/latex/amsmath/amsmath.sty
Package: amsmath 2021/10/15 v2.17l AMS math features
\@mathmargin=\skip54

For additional information on amsmath, use the `?' option.
(/usr/local/texlive/2022basic/texmf-dist/tex/latex/amsmath/amstext.sty
Package: amstext 2021/08/26 v2.01 AMS text
 (/usr/local/texlive/2022basic/texmf-dist/tex/latex/amsmath/amsgen.sty
File: amsgen.sty 1999/11/30 v2.0 generic functions
\@emptytoks=\toks37
\ex@=\dimen298
)) (/usr/local/texlive/2022basic/texmf-dist/tex/latex/amsmath/amsbsy.sty
Package: amsbsy 1999/11/29 v1.2d Bold Symbols
\pmbraise@=\dimen299
) (/usr/local/texlive/2022basic/texmf-dist/tex/latex/amsmath/amsopn.sty
Package: amsopn 2021/08/26 v2.02 operator names
)
\inf@bad=\count302
LaTeX Info: Redefining \frac on input line 234.
\uproot@=\count303
\leftroot@=\count304
LaTeX Info: Redefining \overline on input line 399.
\classnum@=\count305
\DOTSCASE@=\count306
LaTeX Info: Redefining \ldots on input line 496.
LaTeX Info: Redefining \dots on input line 499.
LaTeX Info: Redefining \cdots on input line 620.
\Mathstrutbox@=\box67
\strutbox@=\box68
\big@size=\dimen300
LaTeX Font Info:    Redeclaring font encoding OML on input line 743.
LaTeX Font Info:    Redeclaring font encoding OMS on input line 744.
\macc@depth=\count307
\c@MaxMatrixCols=\count308
\dotsspace@=\muskip16
\c@parentequation=\count309
\dspbrk@lvl=\count310
\tag@help=\toks38
\row@=\count311
\column@=\count312
\maxfields@=\count313
\andhelp@=\toks39
\eqnshift@=\dimen301
\alignsep@=\dimen302
\tagshift@=\dimen303
\tagwidth@=\dimen304
\totwidth@=\dimen305
\lineht@=\dimen306
\@envbody=\toks40
\multlinegap=\skip55
\multlinetaggap=\skip56
\mathdisplay@stack=\toks41
LaTeX Info: Redefining \[ on input line 2938.
LaTeX Info: Redefining \] on input line 2939.
) (/usr/local/texlive/2022basic/texmf-dist/tex/latex/amsfonts/amssymb.sty
Package: amssymb 2013/01/14 v3.01 AMS font symbols
 (/usr/local/texlive/2022basic/texmf-dist/tex/latex/amsfonts/amsfonts.sty
Package: amsfonts 2013/01/14 v3.01 Basic AMSFonts support
\symAMSa=\mathgroup4
\symAMSb=\mathgroup5
LaTeX Font Info:    Redeclaring math symbol \hbar on input line 98.
LaTeX Font Info:    Overwriting math alphabet `\mathfrak' in version `bold'
(Font)                  U/euf/m/n --> U/euf/b/n on input line 106.
)) (/usr/local/texlive/2022basic/texmf-dist/tex/generic/soul/soul.sty
Package: soul 2003/11/17 v2.4 letterspacing/underlining (mf)
\SOUL@word=\toks42
\SOUL@lasttoken=\toks43
\SOUL@cmds=\toks44
\SOUL@buffer=\toks45
\SOUL@token=\toks46
\SOUL@spaceskip=\skip57
\SOUL@ttwidth=\dimen307
\SOUL@uldp=\dimen308
\SOUL@ulht=\dimen309
) (/usr/local/texlive/2022basic/texmf-dist/tex/latex/fancyhdr/fancyhdr.sty
Package: fancyhdr 2021/01/28 v4.0.1 Extensive control of page headers and footers
\f@nch@headwidth=\skip58
\f@nch@O@elh=\skip59
\f@nch@O@erh=\skip60
\f@nch@O@olh=\skip61
\f@nch@O@orh=\skip62
\f@nch@O@elf=\skip63
\f@nch@O@erf=\skip64
\f@nch@O@olf=\skip65
\f@nch@O@orf=\skip66
) (/usr/local/texlive/2022basic/texmf-dist/tex/latex/caption/subcaption.sty
Package: subcaption 2022/01/07 v1.5 Sub-captions (AR)
 (/usr/local/texlive/2022basic/texmf-dist/tex/latex/caption/caption.sty
Package: caption 2022/02/28 v3.6a Customizing captions (AR)
 (/usr/local/texlive/2022basic/texmf-dist/tex/latex/caption/caption3.sty
Package: caption3 2022/02/28 v2.3a caption3 kernel (AR)
\caption@tempdima=\dimen310
\captionmargin=\dimen311
\caption@leftmargin=\dimen312
\caption@rightmargin=\dimen313
\caption@width=\dimen314
\caption@indent=\dimen315
\caption@parindent=\dimen316
\caption@hangindent=\dimen317
Package caption Info: Standard document class detected.
)
\c@caption@flags=\count314
\c@continuedfloat=\count315
Package caption Info: float package is loaded.
)
\c@subfigure=\count316
\c@subtable=\count317
)
\c@theorem=\count318
\c@corollary=\count319


Package fancyhdr Warning: \fancyfoot's `E' option without twoside option is useless on input line 44.

(/usr/local/texlive/2022basic/texmf-dist/tex/latex/l3backend/l3backend-pdftex.def
File: l3backend-pdftex.def 2022-02-07 L3 backend support: PDF output (pdfTeX)
\l__color_backend_stack_int=\count320
\l__pdf_internal_box=\box69
) (/Users/enricopiccin/Documents/Reti Logiche/build/Reti Logiche.aux)
\openout1 = `"Reti Logiche.aux"'.

LaTeX Font Info:    Checking defaults for OML/cmm/m/it on input line 58.
LaTeX Font Info:    ... okay on input line 58.
LaTeX Font Info:    Checking defaults for OMS/cmsy/m/n on input line 58.
LaTeX Font Info:    ... okay on input line 58.
LaTeX Font Info:    Checking defaults for OT1/cmr/m/n on input line 58.
LaTeX Font Info:    ... okay on input line 58.
LaTeX Font Info:    Checking defaults for T1/cmr/m/n on input line 58.
LaTeX Font Info:    ... okay on input line 58.
LaTeX Font Info:    Checking defaults for TS1/cmr/m/n on input line 58.
LaTeX Font Info:    ... okay on input line 58.
LaTeX Font Info:    Checking defaults for OMX/cmex/m/n on input line 58.
LaTeX Font Info:    ... okay on input line 58.
LaTeX Font Info:    Checking defaults for U/cmr/m/n on input line 58.
LaTeX Font Info:    ... okay on input line 58.
LaTeX Info: Redefining \it@ocap on input line 58.
LaTeX Info: Redefining \it@ccap on input line 58.


File italian.ldf warning: 
italian.ldf    With OT1 encoding guillemets are poorly faked
italian.ldf    Use T1 encoding
italian.ldf    or specify a font with command \CaporaliFrom
italian.ldf    See the documentation concerning the babel-italian typesetting 
italian.ldf    on input line 58.

(/usr/local/texlive/2022basic/texmf-dist/tex/context/base/mkii/supp-pdf.mkii
[Loading MPS to PDF converter (version 2006.09.02).]
\scratchcounter=\count321
\scratchdimen=\dimen318
\scratchbox=\box70
\nofMPsegments=\count322
\nofMParguments=\count323
\everyMPshowfont=\toks47
\MPscratchCnt=\count324
\MPscratchDim=\dimen319
\MPnumerator=\count325
\makeMPintoPDFobject=\count326
\everyMPtoPDFconversion=\toks48
) (/usr/local/texlive/2022basic/texmf-dist/tex/latex/epstopdf-pkg/epstopdf-base.sty
Package: epstopdf-base 2020-01-24 v2.11 Base part for package epstopdf
Package epstopdf-base Info: Redefining graphics rule for `.eps' on input line 485.
 (/usr/local/texlive/2022basic/texmf-dist/tex/latex/latexconfig/epstopdf-sys.cfg
File: epstopdf-sys.cfg 2010/07/13 v1.3 Configuration of (r)epstopdf for TeX Live
))
*geometry* driver: auto-detecting
*geometry* detected driver: pdftex
*geometry* verbose mode - [ preamble ] result:
* driver: pdftex
* paper: a4paper
* layout: <same size as paper>
* layoutoffset:(h,v)=(0.0pt,0.0pt)
* modes: 
* h-part:(L,W,R)=(85.35826pt, 426.79135pt, 85.35826pt)
* v-part:(T,H,B)=(56.9055pt, 702.78308pt, 85.35826pt)
* \paperwidth=597.50787pt
* \paperheight=845.04684pt
* \textwidth=426.79135pt
* \textheight=702.78308pt
* \oddsidemargin=13.08827pt
* \evensidemargin=13.08827pt
* \topmargin=-52.36449pt
* \headheight=22.00002pt
* \headsep=25.0pt
* \topskip=10.0pt
* \footskip=25.0pt
* \marginparwidth=57.0pt
* \marginparsep=11.0pt
* \columnsep=10.0pt
* \skip\footins=9.0pt plus 4.0pt minus 2.0pt
* \hoffset=0.0pt
* \voffset=0.0pt
* \mag=1000
* \@twocolumnfalse
* \@twosidefalse
* \@mparswitchfalse
* \@reversemarginfalse
* (1in=72.27pt=25.4mm, 1cm=28.453pt)

Package caption Info: Begin \AtBeginDocument code.
Package caption Info: End \AtBeginDocument code.
LaTeX Font Info:    Trying to load font information for U+msa on input line 61.
(/usr/local/texlive/2022basic/texmf-dist/tex/latex/amsfonts/umsa.fd
File: umsa.fd 2013/01/14 v3.01 AMS symbols A
)
LaTeX Font Info:    Trying to load font information for U+msb on input line 61.
 (/usr/local/texlive/2022basic/texmf-dist/tex/latex/amsfonts/umsb.fd
File: umsb.fd 2013/01/14 v3.01 AMS symbols B
) (/Users/enricopiccin/Documents/Reti Logiche/build/Reti Logiche.toc [1

{/usr/local/texlive/2022basic/texmf-var/fonts/map/pdftex/updmap/pdftex.map}])
\tf@toc=\write4
\openout4 = `"Reti Logiche.toc"'.

 [2] [3] [4] [5] [6] [7] [8] [9] [10] [11] [12] [13] [14] [15] [16] [17] [18] [19] [20]
<./img//rappresentazione-codice-binario.png, id=81, 774.895pt x 616.3025pt>
File: ./img//rappresentazione-codice-binario.png Graphic file (type png)
<use ./img//rappresentazione-codice-binario.png>
Package pdftex.def Info: ./img//rappresentazione-codice-binario.png  used on input line 1105.
(pdftex.def)             Requested size: 213.39568pt x 169.71411pt.
<./img//rappresentazione-codice-gray.png, id=83, 772.8875pt x 612.2875pt>
File: ./img//rappresentazione-codice-gray.png Graphic file (type png)
<use ./img//rappresentazione-codice-gray.png>
Package pdftex.def Info: ./img//rappresentazione-codice-gray.png  used on input line 1111.
(pdftex.def)             Requested size: 213.39568pt x 169.04759pt.

Overfull \hbox (2.22221pt too wide) in paragraph at lines 1103--1115
[][] [] 
 []

[21 <./img//rappresentazione-codice-binario.png> <./img//rappresentazione-codice-gray.png>] [22]
Overfull \hbox (7.08768pt too wide) in paragraph at lines 1287--1287
 []|$\OML/cmm/m/it/10 f[]$| 
 []


Overfull \hbox (2.9804pt too wide) in paragraph at lines 1287--1287
 []|$\OML/cmm/m/it/10 f[]$| 
 []


Overfull \hbox (7.08768pt too wide) in paragraph at lines 1287--1287
 []|$\OML/cmm/m/it/10 f[]$| 
 []


Overfull \hbox (7.08768pt too wide) in paragraph at lines 1287--1287
 []|$\OML/cmm/m/it/10 f[]$| 
 []


Overfull \hbox (7.08768pt too wide) in paragraph at lines 1287--1287
 []|$\OML/cmm/m/it/10 f[]$| 
 []


Overfull \hbox (7.08768pt too wide) in paragraph at lines 1287--1287
 []|$\OML/cmm/m/it/10 f[]$| 
 []


Overfull \hbox (7.08768pt too wide) in paragraph at lines 1287--1287
 []|$\OML/cmm/m/it/10 f[]$| 
 []


Overfull \hbox (7.08768pt too wide) in paragraph at lines 1287--1287
 []|$\OML/cmm/m/it/10 f[]$| 
 []


Overfull \hbox (11.0738pt too wide) in paragraph at lines 1287--1287
 []|$\OML/cmm/m/it/10 f[]$| 
 []


Overfull \hbox (11.0738pt too wide) in paragraph at lines 1287--1287
 []|$\OML/cmm/m/it/10 f[]$| 
 []


Overfull \hbox (11.0738pt too wide) in paragraph at lines 1287--1287
 []|$\OML/cmm/m/it/10 f[]$| 
 []


Overfull \hbox (11.0738pt too wide) in paragraph at lines 1287--1287
 []|$\OML/cmm/m/it/10 f[]$| 
 []


Overfull \hbox (11.0738pt too wide) in paragraph at lines 1287--1287
 []|$\OML/cmm/m/it/10 f[]$| 
 []


Overfull \hbox (11.0738pt too wide) in paragraph at lines 1287--1287
 []|$\OML/cmm/m/it/10 f[]$| 
 []


Overfull \hbox (8.73734pt too wide) in paragraph at lines 1287--1287
 []|$ []$| 
 []


Overfull \hbox (10.56686pt too wide) in paragraph at lines 1287--1287
 []|$ []$| 
 []


Overfull \hbox (8.34464pt too wide) in paragraph at lines 1287--1287
 []|$ []$| 
 []


Overfull \hbox (4.83572pt too wide) in paragraph at lines 1287--1287
 []|$ []$| 
 []


Overfull \hbox (17.33574pt too wide) in paragraph at lines 1287--1287
 []|$ [] $| 
 []


Overfull \hbox (5.2057pt too wide) in paragraph at lines 1287--1287
 []|$\OML/cmm/m/it/10 A$| 
 []


Overfull \hbox (5.7925pt too wide) in paragraph at lines 1287--1287
 []|$\OML/cmm/m/it/10 B$| 
 []


Overfull \hbox (3.45566pt too wide) in paragraph at lines 1287--1287
 []|$[]$| 
 []


Overfull \hbox (5.48349pt too wide) in paragraph at lines 1287--1287
 []|$\OMS/cmsy/m/n/10 ^^H$| 
 []


Overfull \hbox (5.48349pt too wide) in paragraph at lines 1287--1287
 []|$\OT1/cmr/m/n/10 +$| 
 []


Overfull \hbox (4.48341pt too wide) in paragraph at lines 1287--1287
 []|$ \OMS/cmsy/m/n/10 j$| 
 []


Overfull \hbox (3.45566pt too wide) in paragraph at lines 1287--1287
 []|$[]$| 
 []


Overfull \hbox (5.52515pt too wide) in paragraph at lines 1287--1287
 []|$\OML/cmm/m/it/10 F$| 
 []


Overfull \hbox (5.52515pt too wide) in paragraph at lines 1287--1287
 []|$\OML/cmm/m/it/10 F$| 
 []


Overfull \hbox (5.52515pt too wide) in paragraph at lines 1287--1287
 []|$\OML/cmm/m/it/10 F$| 
 []


Overfull \hbox (1.41786pt too wide) in paragraph at lines 1287--1287
 []|$\OML/cmm/m/it/10 F$| 
 []


Overfull \hbox (5.52515pt too wide) in paragraph at lines 1287--1287
 []|$\OML/cmm/m/it/10 F$| 
 []


Overfull \hbox (5.52515pt too wide) in paragraph at lines 1287--1287
 []|$\OML/cmm/m/it/10 F$| 
 []


Overfull \hbox (5.52515pt too wide) in paragraph at lines 1287--1287
 []|$\OML/cmm/m/it/10 F$| 
 []


Overfull \hbox (5.52515pt too wide) in paragraph at lines 1287--1287
 []|$\OML/cmm/m/it/10 F$| 
 []


Overfull \hbox (5.52515pt too wide) in paragraph at lines 1287--1287
 []|$\OML/cmm/m/it/10 F$| 
 []


Overfull \hbox (5.52515pt too wide) in paragraph at lines 1287--1287
 []|$\OML/cmm/m/it/10 F$| 
 []


Overfull \hbox (5.76125pt too wide) in paragraph at lines 1287--1287
 []|$\OML/cmm/m/it/10 V$| 
 []


Overfull \hbox (5.76125pt too wide) in paragraph at lines 1287--1287
 []|$\OML/cmm/m/it/10 V$| 
 []


Overfull \hbox (5.76125pt too wide) in paragraph at lines 1287--1287
 []|$\OML/cmm/m/it/10 V$| 
 []


Overfull \hbox (5.76125pt too wide) in paragraph at lines 1287--1287
 []|$\OML/cmm/m/it/10 V$| 
 []


Overfull \hbox (5.76125pt too wide) in paragraph at lines 1287--1287
 []|$\OML/cmm/m/it/10 V$| 
 []


Overfull \hbox (5.76125pt too wide) in paragraph at lines 1287--1287
 []|$\OML/cmm/m/it/10 V$| 
 []


Overfull \hbox (5.52515pt too wide) in paragraph at lines 1287--1287
 []|$\OML/cmm/m/it/10 F$| 
 []


Overfull \hbox (5.76125pt too wide) in paragraph at lines 1287--1287
 []|$\OML/cmm/m/it/10 V$| 
 []


Overfull \hbox (5.52515pt too wide) in paragraph at lines 1287--1287
 []|$\OML/cmm/m/it/10 F$| 
 []


Overfull \hbox (1.41786pt too wide) in paragraph at lines 1287--1287
 []|$\OML/cmm/m/it/10 F$| 
 []


Overfull \hbox (5.52515pt too wide) in paragraph at lines 1287--1287
 []|$\OML/cmm/m/it/10 F$| 
 []


Overfull \hbox (5.52515pt too wide) in paragraph at lines 1287--1287
 []|$\OML/cmm/m/it/10 F$| 
 []


Overfull \hbox (5.76125pt too wide) in paragraph at lines 1287--1287
 []|$\OML/cmm/m/it/10 V$| 
 []


Overfull \hbox (5.76125pt too wide) in paragraph at lines 1287--1287
 []|$\OML/cmm/m/it/10 V$| 
 []


Overfull \hbox (5.76125pt too wide) in paragraph at lines 1287--1287
 []|$\OML/cmm/m/it/10 V$| 
 []


Overfull \hbox (5.76125pt too wide) in paragraph at lines 1287--1287
 []|$\OML/cmm/m/it/10 V$| 
 []


Overfull \hbox (5.52515pt too wide) in paragraph at lines 1287--1287
 []|$\OML/cmm/m/it/10 F$| 
 []


Overfull \hbox (5.52515pt too wide) in paragraph at lines 1287--1287
 []|$\OML/cmm/m/it/10 F$| 
 []


Overfull \hbox (5.76125pt too wide) in paragraph at lines 1287--1287
 []|$\OML/cmm/m/it/10 V$| 
 []


Overfull \hbox (5.76125pt too wide) in paragraph at lines 1287--1287
 []|$\OML/cmm/m/it/10 V$| 
 []


Overfull \hbox (5.76125pt too wide) in paragraph at lines 1287--1287
 []|$\OML/cmm/m/it/10 V$| 
 []


Overfull \hbox (5.76125pt too wide) in paragraph at lines 1287--1287
 []|$\OML/cmm/m/it/10 V$| 
 []


Overfull \hbox (5.76125pt too wide) in paragraph at lines 1287--1287
 []|$\OML/cmm/m/it/10 V$| 
 []


Overfull \hbox (5.52515pt too wide) in paragraph at lines 1287--1287
 []|$\OML/cmm/m/it/10 F$| 
 []


Overfull \hbox (5.52515pt too wide) in paragraph at lines 1287--1287
 []|$\OML/cmm/m/it/10 F$| 
 []


Overfull \hbox (1.41786pt too wide) in paragraph at lines 1287--1287
 []|$\OML/cmm/m/it/10 F$| 
 []


Overfull \hbox (5.76125pt too wide) in paragraph at lines 1287--1287
 []|$\OML/cmm/m/it/10 V$| 
 []


Overfull \hbox (5.76125pt too wide) in paragraph at lines 1287--1287
 []|$\OML/cmm/m/it/10 V$| 
 []


Overfull \hbox (5.52515pt too wide) in paragraph at lines 1287--1287
 []|$\OML/cmm/m/it/10 F$| 
 []


Overfull \hbox (5.52515pt too wide) in paragraph at lines 1287--1287
 []|$\OML/cmm/m/it/10 F$| 
 []


Overfull \hbox (5.76125pt too wide) in paragraph at lines 1287--1287
 []|$\OML/cmm/m/it/10 V$| 
 []


Overfull \hbox (5.76125pt too wide) in paragraph at lines 1287--1287
 []|$\OML/cmm/m/it/10 V$| 
 []


Overfull \hbox (5.76125pt too wide) in paragraph at lines 1287--1287
 []|$\OML/cmm/m/it/10 V$| 
 []


Overfull \hbox (5.76125pt too wide) in paragraph at lines 1287--1287
 []|$\OML/cmm/m/it/10 V$| 
 []


Overfull \hbox (5.52515pt too wide) in paragraph at lines 1287--1287
 []|$\OML/cmm/m/it/10 F$| 
 []


Overfull \hbox (5.52515pt too wide) in paragraph at lines 1287--1287
 []|$\OML/cmm/m/it/10 F$| 
 []


Overfull \hbox (5.76125pt too wide) in paragraph at lines 1287--1287
 []|$\OML/cmm/m/it/10 V$| 
 []


Overfull \hbox (5.76125pt too wide) in paragraph at lines 1287--1287
 []|$\OML/cmm/m/it/10 V$| 
 []


Overfull \hbox (5.76125pt too wide) in paragraph at lines 1287--1287
 []|$\OML/cmm/m/it/10 V$| 
 []


Overfull \hbox (5.76125pt too wide) in paragraph at lines 1287--1287
 []|$\OML/cmm/m/it/10 V$| 
 []


Overfull \hbox (5.52515pt too wide) in paragraph at lines 1287--1287
 []|$\OML/cmm/m/it/10 F$| 
 []


Overfull \hbox (1.65396pt too wide) in paragraph at lines 1287--1287
 []|$\OML/cmm/m/it/10 V$| 
 []


Overfull \hbox (5.52515pt too wide) in paragraph at lines 1287--1287
 []|$\OML/cmm/m/it/10 F$| 
 []


Overfull \hbox (5.76125pt too wide) in paragraph at lines 1287--1287
 []|$\OML/cmm/m/it/10 V$| 
 []


Overfull \hbox (5.52515pt too wide) in paragraph at lines 1287--1287
 []|$\OML/cmm/m/it/10 F$| 
 []


Overfull \hbox (5.76125pt too wide) in paragraph at lines 1287--1287
 []|$\OML/cmm/m/it/10 V$| 
 []


Overfull \hbox (5.52515pt too wide) in paragraph at lines 1287--1287
 []|$\OML/cmm/m/it/10 F$| 
 []


Overfull \hbox (5.76125pt too wide) in paragraph at lines 1287--1287
 []|$\OML/cmm/m/it/10 V$| 
 []


Overfull \hbox (5.52515pt too wide) in paragraph at lines 1287--1287
 []|$\OML/cmm/m/it/10 F$| 
 []


Overfull \hbox (5.76125pt too wide) in paragraph at lines 1287--1287
 []|$\OML/cmm/m/it/10 V$| 
 []


Overfull \hbox (5.52515pt too wide) in paragraph at lines 1287--1287
 []|$\OML/cmm/m/it/10 F$| 
 []


Overfull \hbox (5.76125pt too wide) in paragraph at lines 1287--1287
 []|$\OML/cmm/m/it/10 V$| 
 []


Overfull \hbox (5.52515pt too wide) in paragraph at lines 1287--1287
 []|$\OML/cmm/m/it/10 F$| 
 []


Overfull \hbox (5.76125pt too wide) in paragraph at lines 1287--1287
 []|$\OML/cmm/m/it/10 V$| 
 []

[23]
Overfull \hbox (25.00003pt too wide) in paragraph at lines 1324--1360
[]
 []

[24]
Overfull \hbox (25.00003pt too wide) in paragraph at lines 1376--1412
[]
 []


Overfull \hbox (25.00003pt too wide) in paragraph at lines 1428--1464
[]
 []

[25]
Overfull \hbox (25.00003pt too wide) in paragraph at lines 1491--1527
[]
 []


Overfull \hbox (25.00003pt too wide) in paragraph at lines 1611--1647
[]
 []

[26]
<./img//transistor-cmos-struttura.png, id=107, 1057.9525pt x 546.04pt>
File: ./img//transistor-cmos-struttura.png Graphic file (type png)
<use ./img//transistor-cmos-struttura.png>
Package pdftex.def Info: ./img//transistor-cmos-struttura.png  used on input line 1736.
(pdftex.def)             Requested size: 213.39568pt x 110.13924pt.
 [27 <./img//transistor-cmos-struttura.png>]
<./img//invertitore-cmos.png, id=112, 491.8375pt x 626.34pt>
File: ./img//invertitore-cmos.png Graphic file (type png)
<use ./img//invertitore-cmos.png>
Package pdftex.def Info: ./img//invertitore-cmos.png  used on input line 1765.
(pdftex.def)             Requested size: 149.37958pt x 190.22583pt.
 [28 <./img//invertitore-cmos.png>]
<./img//nor-cmos.png, id=117, 440.64626pt x 626.34pt>
File: ./img//nor-cmos.png Graphic file (type png)
<use ./img//nor-cmos.png>
Package pdftex.def Info: ./img//nor-cmos.png  used on input line 1786.
(pdftex.def)             Requested size: 106.69783pt x 151.66266pt.
<./img//nand-cmos.png, id=118, 440.64626pt x 585.18625pt>
File: ./img//nand-cmos.png Graphic file (type png)
<use ./img//nand-cmos.png>
Package pdftex.def Info: ./img//nand-cmos.png  used on input line 1803.
(pdftex.def)             Requested size: 106.69783pt x 141.69765pt.
 [29 <./img//nor-cmos.png> <./img//nand-cmos.png>]
<./img//nand-cmos-piu-ingressi.png, id=124, 1048.91875pt x 601.24625pt>
File: ./img//nand-cmos-piu-ingressi.png Graphic file (type png)
<use ./img//nand-cmos-piu-ingressi.png>
Package pdftex.def Info: ./img//nand-cmos-piu-ingressi.png  used on input line 1818.
(pdftex.def)             Requested size: 213.39568pt x 122.3205pt.
<./img//aoi-oai-cmos.png, id=125, 286.06876pt x 626.34pt>
File: ./img//aoi-oai-cmos.png Graphic file (type png)
<use ./img//aoi-oai-cmos.png>
Package pdftex.def Info: ./img//aoi-oai-cmos.png  used on input line 1834.
(pdftex.def)             Requested size: 85.35696pt x 186.89038pt.
 [30 <./img//nand-cmos-piu-ingressi.png> <./img//aoi-oai-cmos.png>]
<./img//aoi-oai-cmos-4-ingressi.png, id=131, 1077.02374pt x 553.06625pt>
File: ./img//aoi-oai-cmos-4-ingressi.png Graphic file (type png)
<use ./img//aoi-oai-cmos-4-ingressi.png>
Package pdftex.def Info: ./img//aoi-oai-cmos-4-ingressi.png  used on input line 1852.
(pdftex.def)             Requested size: 213.39568pt x 109.58171pt.
<./img//semiconduttore.png, id=132, 1021.8175pt x 605.26125pt>
File: ./img//semiconduttore.png Graphic file (type png)
<use ./img//semiconduttore.png>
Package pdftex.def Info: ./img//semiconduttore.png  used on input line 1872.
(pdftex.def)             Requested size: 256.07741pt x 151.68436pt.
 [31 <./img//aoi-oai-cmos-4-ingressi.png>]
<./img//estrazione-silicio-monocristallino.png, id=138, 782.925pt x 627.34375pt>
File: ./img//estrazione-silicio-monocristallino.png Graphic file (type png)
<use ./img//estrazione-silicio-monocristallino.png>
Package pdftex.def Info: ./img//estrazione-silicio-monocristallino.png  used on input line 1887.
(pdftex.def)             Requested size: 170.71393pt x 136.78119pt.
<./img//ossidazione.png, id=139, 988.69376pt x 154.5775pt>
File: ./img//ossidazione.png Graphic file (type png)
<use ./img//ossidazione.png>
Package pdftex.def Info: ./img//ossidazione.png  used on input line 1900.
(pdftex.def)             Requested size: 256.07741pt x 40.03587pt.
 [32 <./img//semiconduttore.png> <./img//estrazione-silicio-monocristallino.png> <./img//ossidazione.png>]
<./img//fotolitografia.png, id=146, 1045.9075pt x 406.51875pt>
File: ./img//fotolitografia.png Graphic file (type png)
<use ./img//fotolitografia.png>
Package pdftex.def Info: ./img//fotolitografia.png  used on input line 1912.
(pdftex.def)             Requested size: 256.07741pt x 99.53282pt.
<./img//etching.png, id=147, 791.95876pt x 581.17125pt>
File: ./img//etching.png Graphic file (type png)
<use ./img//etching.png>
Package pdftex.def Info: ./img//etching.png  used on input line 1925.
(pdftex.def)             Requested size: 213.39568pt x 156.59021pt.
<./img//deposizione.png, id=148, 1049.9225pt x 555.07375pt>
File: ./img//deposizione.png Graphic file (type png)
<use ./img//deposizione.png>
Package pdftex.def Info: ./img//deposizione.png  used on input line 1938.
(pdftex.def)             Requested size: 213.39568pt x 112.81683pt.
 [33 <./img//fotolitografia.png> <./img//etching.png>]
<./img//impiantazione-ionica-ricottura.png, id=154, 1035.87pt x 401.5pt>
File: ./img//impiantazione-ionica-ricottura.png Graphic file (type png)
<use ./img//impiantazione-ionica-ricottura.png>
Package pdftex.def Info: ./img//impiantazione-ionica-ricottura.png  used on input line 1950.
(pdftex.def)             Requested size: 256.07741pt x 99.25362pt.
<./img//fabbricazione-invertitore-cmos-1.png, id=155, 971.63pt x 421.575pt>
File: ./img//fabbricazione-invertitore-cmos-1.png Graphic file (type png)
<use ./img//fabbricazione-invertitore-cmos-1.png>
Package pdftex.def Info: ./img//fabbricazione-invertitore-cmos-1.png  used on input line 1967.
(pdftex.def)             Requested size: 213.39568pt x 92.58595pt.
<./img//fabbricazione-invertitore-cmos-2.png, id=156, 978.65625pt x 478.78876pt>
File: ./img//fabbricazione-invertitore-cmos-2.png Graphic file (type png)
<use ./img//fabbricazione-invertitore-cmos-2.png>
Package pdftex.def Info: ./img//fabbricazione-invertitore-cmos-2.png  used on input line 1977.
(pdftex.def)             Requested size: 213.39568pt x 104.39871pt.
 [34 <./img//deposizione.png> <./img//impiantazione-ionica-ricottura.png> <./img//fabbricazione-invertitore-cmos-1.png>]
<./img//fabbricazione-invertitore-cmos-3.png, id=163, 973.6375pt x 445.665pt>
File: ./img//fabbricazione-invertitore-cmos-3.png Graphic file (type png)
<use ./img//fabbricazione-invertitore-cmos-3.png>
Package pdftex.def Info: ./img//fabbricazione-invertitore-cmos-3.png  used on input line 1987.
(pdftex.def)             Requested size: 213.39568pt x 97.67258pt.
<./img//fabbricazione-invertitore-cmos-4.png, id=164, 1029.8475pt x 394.47375pt>
File: ./img//fabbricazione-invertitore-cmos-4.png Graphic file (type png)
<use ./img//fabbricazione-invertitore-cmos-4.png>
Package pdftex.def Info: ./img//fabbricazione-invertitore-cmos-4.png  used on input line 1997.
(pdftex.def)             Requested size: 213.39568pt x 81.73439pt.
<./img//fabbricazione-invertitore-cmos-5.png, id=165, 1037.8775pt x 403.5075pt>
File: ./img//fabbricazione-invertitore-cmos-5.png Graphic file (type png)
<use ./img//fabbricazione-invertitore-cmos-5.png>
Package pdftex.def Info: ./img//fabbricazione-invertitore-cmos-5.png  used on input line 2007.
(pdftex.def)             Requested size: 213.39568pt x 82.95969pt.
<./img//fabbricazione-invertitore-cmos-6.png, id=166, 1023.825pt x 454.69875pt>
File: ./img//fabbricazione-invertitore-cmos-6.png Graphic file (type png)
<use ./img//fabbricazione-invertitore-cmos-6.png>
Package pdftex.def Info: ./img//fabbricazione-invertitore-cmos-6.png  used on input line 2017.
(pdftex.def)             Requested size: 213.39568pt x 94.76797pt.
 [35 <./img//fabbricazione-invertitore-cmos-2.png> <./img//fabbricazione-invertitore-cmos-3.png> <./img//fabbricazione-invertitore-cmos-4.png> <./img//fabbricazione-invertitore-cmos-5.png>]
<./img//convenzione-stick-diagram.png, id=174, 993.7125pt x 583.17876pt>
File: ./img//convenzione-stick-diagram.png Graphic file (type png)
<use ./img//convenzione-stick-diagram.png>
Package pdftex.def Info: ./img//convenzione-stick-diagram.png  used on input line 2046.
(pdftex.def)             Requested size: 213.39568pt x 125.2297pt.
 [36 <./img//fabbricazione-invertitore-cmos-6.png> <./img//convenzione-stick-diagram.png>]
<./img//stick-diagram-esempio-1.png, id=180, 1046.91125pt x 483.8075pt>
File: ./img//stick-diagram-esempio-1.png Graphic file (type png)
<use ./img//stick-diagram-esempio-1.png>
Package pdftex.def Info: ./img//stick-diagram-esempio-1.png  used on input line 2060.
(pdftex.def)             Requested size: 256.07741pt x 118.33824pt.
<./img//stick-diagram-esempio-2.png, id=181, 1051.93pt x 539.01375pt>
File: ./img//stick-diagram-esempio-2.png Graphic file (type png)
<use ./img//stick-diagram-esempio-2.png>
Package pdftex.def Info: ./img//stick-diagram-esempio-2.png  used on input line 2083.
(pdftex.def)             Requested size: 256.07741pt x 131.21649pt.
<./img//stick-diagram-esempio-3.png, id=182, 934.49126pt x 553.06625pt>
File: ./img//stick-diagram-esempio-3.png Graphic file (type png)
<use ./img//stick-diagram-esempio-3.png>
Package pdftex.def Info: ./img//stick-diagram-esempio-3.png  used on input line 2097.
(pdftex.def)             Requested size: 256.07741pt x 151.5578pt.
 [37 <./img//stick-diagram-esempio-1.png> <./img//stick-diagram-esempio-2.png>] [38 <./img//stick-diagram-esempio-3.png>] [39] [40] [41] [42]
<./img//logica-realizzazione-funzione-simmetrica.png, id=206, 1037.8775pt x 403.5075pt>
File: ./img//logica-realizzazione-funzione-simmetrica.png Graphic file (type png)
<use ./img//logica-realizzazione-funzione-simmetrica.png>
Package pdftex.def Info: ./img//logica-realizzazione-funzione-simmetrica.png  used on input line 2295.
(pdftex.def)             Requested size: 298.75264pt x 116.15219pt.
<./img//sommatore-calcolo-peso-parola.png, id=207, 552.0625pt x 502.87875pt>
File: ./img//sommatore-calcolo-peso-parola.png Graphic file (type png)
<use ./img//sommatore-calcolo-peso-parola.png>
Package pdftex.def Info: ./img//sommatore-calcolo-peso-parola.png  used on input line 2306.
(pdftex.def)             Requested size: 256.07741pt x 233.26837pt.
 [43 <./img//logica-realizzazione-funzione-simmetrica.png>]
<./img//realizzazione-logica.png, id=213, 639.38875pt x 246.9225pt>
File: ./img//realizzazione-logica.png Graphic file (type png)
<use ./img//realizzazione-logica.png>
Package pdftex.def Info: ./img//realizzazione-logica.png  used on input line 2369.
(pdftex.def)             Requested size: 256.07741pt x 98.89157pt.
 [44 <./img//sommatore-calcolo-peso-parola.png>] [45 <./img//realizzazione-logica.png>] [46] [47] [48] (/Users/enricopiccin/Documents/Reti Logiche/build/Reti Logiche.aux) ) 
Here is how much of TeX's memory you used:
 35607 strings out of 479719
 893896 string characters out of 5880574
 1460454 words of memory out of 5000000
 53142 multiletter control sequences out of 15000+600000
 479341 words of font info for 66 fonts, out of 8000000 for 9000
 319 hyphenation exceptions out of 8191
 115i,20n,118p,1113b,1022s stack positions out of 10000i,1000n,20000p,200000b,200000s
 </Users/enricopiccin/Library/texlive/2022basic/texmf-var/fonts/pk/ljfour/jknappen/ec/tcrm1000.600pk></usr/local/texlive/2022basic/texmf-dist/fonts/type1/public/amsfonts/cm/cmbx10.pfb></usr/local/texlive/2022basic/texmf-dist/fonts/type1/public/amsfonts/cm/cmbx12.pfb></usr/local/texlive/2022basic/texmf-dist/fonts/type1/public/amsfonts/cm/cmex10.pfb></usr/local/texlive/2022basic/texmf-dist/fonts/type1/public/amsfonts/cm/cmmi10.pfb></usr/local/texlive/2022basic/texmf-dist/fonts/type1/public/amsfonts/cm/cmmi5.pfb></usr/local/texlive/2022basic/texmf-dist/fonts/type1/public/amsfonts/cm/cmmi7.pfb></usr/local/texlive/2022basic/texmf-dist/fonts/type1/public/amsfonts/cm/cmr10.pfb></usr/local/texlive/2022basic/texmf-dist/fonts/type1/public/amsfonts/cm/cmr12.pfb></usr/local/texlive/2022basic/texmf-dist/fonts/type1/public/amsfonts/cm/cmr5.pfb></usr/local/texlive/2022basic/texmf-dist/fonts/type1/public/amsfonts/cm/cmr7.pfb></usr/local/texlive/2022basic/texmf-dist/fonts/type1/public/amsfonts/cm/cmr9.pfb></usr/local/texlive/2022basic/texmf-dist/fonts/type1/public/amsfonts/cm/cmsy10.pfb></usr/local/texlive/2022basic/texmf-dist/fonts/type1/public/amsfonts/cm/cmsy7.pfb></usr/local/texlive/2022basic/texmf-dist/fonts/type1/public/amsfonts/cm/cmti10.pfb>
Output written on "/Users/enricopiccin/Documents/Reti Logiche/build/Reti Logiche.pdf" (48 pages, 21886241 bytes).
PDF statistics:
 298 PDF objects out of 1000 (max. 8388607)
 158 compressed objects within 2 object streams
 0 named destinations out of 1000 (max. 500000)
 158 words of extra memory for PDF output out of 10000 (max. 10000000)

